<?xml version="1.0"?>
<testsuite name="Chrome 61.0.3163 (Mac OS X 10.12.6)" package="" timestamp="2017-09-23T02:46:03" id="0" hostname="hirikeda-vue-gl2-5408993" tests="230" errors="0" failures="0" time="0.687">
  <properties>
    <property name="browser.fullName" value="Mozilla/5.0 (Macintosh; Intel Mac OS X 10_12_6) AppleWebKit/537.36 (KHTML, like Gecko) Chrome/61.0.3163.100 Safari/537.36"/>
  </properties>
  <testcase name="Utilsモジュールのテスト parseVector3のテスト 数値のパース 3 -> 3, 3, 3" time="0.001" classname="Chrome_61_0_3163_(Mac_OS_X_10_12_6).Utilsモジュールのテスト"/>
  <testcase name="Utilsモジュールのテスト parseVector3のテスト 配列のパース [3, 2, 1] -> 3, 2, 1" time="0" classname="Chrome_61_0_3163_(Mac_OS_X_10_12_6).Utilsモジュールのテスト"/>
  <testcase name="Utilsモジュールのテスト parseVector3のテスト 配列のパース [&quot;3&quot;, &quot;-2&quot;, &quot;1&quot;] -> 3, -2, 1" time="0" classname="Chrome_61_0_3163_(Mac_OS_X_10_12_6).Utilsモジュールのテスト"/>
  <testcase name="Utilsモジュールのテスト parseVector3のテスト オブジェクトのパース {x: 3, y: 2, z: -1} -> 3, 2, -1" time="0.001" classname="Chrome_61_0_3163_(Mac_OS_X_10_12_6).Utilsモジュールのテスト"/>
  <testcase name="Utilsモジュールのテスト parseVector3のテスト オブジェクトのパース {x: &quot;-3&quot;, y: &quot;2&quot;, z: &quot;-1&quot;} -> 3, 2, -1" time="0.001" classname="Chrome_61_0_3163_(Mac_OS_X_10_12_6).Utilsモジュールのテスト"/>
  <testcase name="Utilsモジュールのテスト parseVector3のテスト オブジェクトのパース {x: &quot;-3&quot;, z: &quot;-1&quot;} -> 3, -1" time="0" classname="Chrome_61_0_3163_(Mac_OS_X_10_12_6).Utilsモジュールのテスト"/>
  <testcase name="Utilsモジュールのテスト parseVector3のテスト 文字列のパース &quot;x: 3; y: -2; z: -1&quot; -> 3, -2, -1" time="0" classname="Chrome_61_0_3163_(Mac_OS_X_10_12_6).Utilsモジュールのテスト"/>
  <testcase name="Utilsモジュールのテスト parseVector3のテスト 文字列のパース &quot;-3  2 -1.5 &quot; -> -3, 2, -1.5" time="0.001" classname="Chrome_61_0_3163_(Mac_OS_X_10_12_6).Utilsモジュールのテスト"/>
  <testcase name="Utilsモジュールのテスト parseEulerのテスト 配列のパース [3, 2, 1, &quot;YXZ&quot;] -> 3, 2, 1, &quot;YXZ&quot;" time="0.001" classname="Chrome_61_0_3163_(Mac_OS_X_10_12_6).Utilsモジュールのテスト"/>
  <testcase name="Utilsモジュールのテスト parseEulerのテスト 配列のパース [&quot;3&quot;, &quot;-2&quot;, &quot;1&quot;, &quot;YZX&quot;] -> 3, -2, 1, &quot;YZX&quot;" time="0" classname="Chrome_61_0_3163_(Mac_OS_X_10_12_6).Utilsモジュールのテスト"/>
  <testcase name="Utilsモジュールのテスト parseEulerのテスト オブジェクトのパース {x: 3, y: 2, z: -1, order: &quot;ZXY&quot;} -> 3, 2, -1, &quot;ZXY&quot;" time="0" classname="Chrome_61_0_3163_(Mac_OS_X_10_12_6).Utilsモジュールのテスト"/>
  <testcase name="Utilsモジュールのテスト parseEulerのテスト オブジェクトのパース {x: &quot;-3&quot;, y: &quot;2&quot;, z: &quot;-1&quot;, order: &quot;XYZ&quot;} -> 3, 2, -1, &quot;XYZ&quot;" time="0.001" classname="Chrome_61_0_3163_(Mac_OS_X_10_12_6).Utilsモジュールのテスト"/>
  <testcase name="Utilsモジュールのテスト parseEulerのテスト オブジェクトのパース {x: &quot;-3&quot;, z: &quot;-1&quot;} -> -3, 0, -1" time="0" classname="Chrome_61_0_3163_(Mac_OS_X_10_12_6).Utilsモジュールのテスト"/>
  <testcase name="Utilsモジュールのテスト parseEulerのテスト 文字列のパース &quot;x: 3; y: -2; z: -1; order: YZX&quot; -> 3, -2, -1, &quot;YZX&quot;" time="0.001" classname="Chrome_61_0_3163_(Mac_OS_X_10_12_6).Utilsモジュールのテスト"/>
  <testcase name="Utilsモジュールのテスト parseEulerのテスト 文字列のパース &quot;-3  2 -1.5 XZY &quot; -> -3, 2, -1.5, XZY" time="0.001" classname="Chrome_61_0_3163_(Mac_OS_X_10_12_6).Utilsモジュールのテスト"/>
  <testcase name="Utilsモジュールのテスト parseSphericalのテスト 数値のパース 3 -> 3, 0.000001, 0" time="0" classname="Chrome_61_0_3163_(Mac_OS_X_10_12_6).Utilsモジュールのテスト"/>
  <testcase name="Utilsモジュールのテスト parseSphericalのテスト 配列のパース [3, 0.5, 1] -> 3, 0.5, 1" time="0" classname="Chrome_61_0_3163_(Mac_OS_X_10_12_6).Utilsモジュールのテスト"/>
  <testcase name="Utilsモジュールのテスト parseSphericalのテスト 配列のパース [&quot;3&quot;, &quot;1.1&quot;, &quot;1&quot;] -> 3, 1.1, 1" time="0" classname="Chrome_61_0_3163_(Mac_OS_X_10_12_6).Utilsモジュールのテスト"/>
  <testcase name="Utilsモジュールのテスト parseSphericalのテスト オブジェクトのパース {radius: 3, phi: 2, theta: -1} -> 3, 2, -1" time="0" classname="Chrome_61_0_3163_(Mac_OS_X_10_12_6).Utilsモジュールのテスト"/>
  <testcase name="Utilsモジュールのテスト parseSphericalのテスト オブジェクトのパース {radius: &quot;-3&quot;, phi: &quot;2&quot;, theta: &quot;-1&quot;} -> 3, 2, -1" time="0.001" classname="Chrome_61_0_3163_(Mac_OS_X_10_12_6).Utilsモジュールのテスト"/>
  <testcase name="Utilsモジュールのテスト parseSphericalのテスト オブジェクトのパース {phi: &quot;1.3&quot;, theta: &quot;-1&quot;} -> 1, 1.3, -1" time="0" classname="Chrome_61_0_3163_(Mac_OS_X_10_12_6).Utilsモジュールのテスト"/>
  <testcase name="Utilsモジュールのテスト parseSphericalのテスト 文字列のパース &quot;radius: 3; phi: 2; theta: -1&quot; -> 3, 2, -1" time="0.001" classname="Chrome_61_0_3163_(Mac_OS_X_10_12_6).Utilsモジュールのテスト"/>
  <testcase name="Utilsモジュールのテスト parseSphericalのテスト 文字列のパース &quot;-3  2 -1.5 &quot; -> -3, 2, -1.5" time="0" classname="Chrome_61_0_3163_(Mac_OS_X_10_12_6).Utilsモジュールのテスト"/>
  <testcase name="Utilsモジュールのテスト parseNumberのテスト 文字列のパース &quot;62e3'a&quot; -> 62e3" time="0.001" classname="Chrome_61_0_3163_(Mac_OS_X_10_12_6).Utilsモジュールのテスト"/>
  <testcase name="Utilsモジュールのテスト parseNumberのテスト 数値のパース(引数を返す) 23.85 -> 23.85" time="0" classname="Chrome_61_0_3163_(Mac_OS_X_10_12_6).Utilsモジュールのテスト"/>
  <testcase name="VglAmbientLightコンポーネントのテスト プロパティの確認 instプロパティはAmbientLightオブジェクト" time="0.01" classname="Chrome_61_0_3163_(Mac_OS_X_10_12_6).VglAmbientLightコンポーネントのテスト"/>
  <testcase name="VglAbstractコンポーネントのテスト assetsのテスト コンポーネント自身のプロパティにアクセスできる" time="0.001" classname="Chrome_61_0_3163_(Mac_OS_X_10_12_6).VglAbstractコンポーネントのテスト"/>
  <testcase name="VglAbstractコンポーネントのテスト assetsのテスト 親コンポーネントのプロパティにアクセスできる" time="0.018" classname="Chrome_61_0_3163_(Mac_OS_X_10_12_6).VglAbstractコンポーネントのテスト"/>
  <testcase name="VglAbstractコンポーネントのテスト assetsのテスト 子コンポーネントのプロパティにはアクセスできない" time="0.001" classname="Chrome_61_0_3163_(Mac_OS_X_10_12_6).VglAbstractコンポーネントのテスト"/>
  <testcase name="VglAbstractコンポーネントのテスト assetsのテスト 同じプロパティ名を使い分けられる" time="0.002" classname="Chrome_61_0_3163_(Mac_OS_X_10_12_6).VglAbstractコンポーネントのテスト"/>
  <testcase name="VglAbstractコンポーネントのテスト assetsのテスト 直接の親子関係でなくてもプロパティにアクセスできる" time="0.004" classname="Chrome_61_0_3163_(Mac_OS_X_10_12_6).VglAbstractコンポーネントのテスト"/>
  <testcase name="VglAbstractコンポーネントのテスト assetsのテスト 親Vglコンポーネントが存在しないときは、nullを継承する" time="0.003" classname="Chrome_61_0_3163_(Mac_OS_X_10_12_6).VglAbstractコンポーネントのテスト"/>
  <testcase name="VglAxisHelperのテスト プロパティの確認 instプロパティはAxisHelperオブジェクト" time="0.006" classname="Chrome_61_0_3163_(Mac_OS_X_10_12_6).VglAxisHelperのテスト"/>
  <testcase name="VglBoxGeometryコンポーネントのテスト プロパティの確認 instプロパティはBoxGeometryオブジェクト" time="0.005" classname="Chrome_61_0_3163_(Mac_OS_X_10_12_6).VglBoxGeometryコンポーネントのテスト"/>
  <testcase name="VglBoxGeometryコンポーネントのテスト プロパティのテスト width, height, depthプロパティ 10, 6, &quot;8&quot; -> 10, 6, 8" time="0.003" classname="Chrome_61_0_3163_(Mac_OS_X_10_12_6).VglBoxGeometryコンポーネントのテスト"/>
  <testcase name="VglBoxGeometryコンポーネントのテスト プロパティ変更のテスト widthが変更されると、新しいinstがnewされる" time="0.009" classname="Chrome_61_0_3163_(Mac_OS_X_10_12_6).VglBoxGeometryコンポーネントのテスト"/>
  <testcase name="VglCameraコンポーネントのテスト プロパティの確認 instプロパティはCameraオブジェクト" time="0.004" classname="Chrome_61_0_3163_(Mac_OS_X_10_12_6).VglCameraコンポーネントのテスト"/>
  <testcase name="VglCameraコンポーネントのテスト rendererへの登録 マウントすると、rendererのcamerasに追加される" time="0.009" classname="Chrome_61_0_3163_(Mac_OS_X_10_12_6).VglCameraコンポーネントのテスト"/>
  <testcase name="VglCameraコンポーネントのテスト rendererへの登録 コンポーネントが破棄されると、rendererのcamerasから取り除かれる" time="0.009" classname="Chrome_61_0_3163_(Mac_OS_X_10_12_6).VglCameraコンポーネントのテスト"/>
  <testcase name="VglCameraコンポーネントのテスト rendererへの登録 コンポーネントを置換すると、rendererのcamerasも置換される" time="0.006" classname="Chrome_61_0_3163_(Mac_OS_X_10_12_6).VglCameraコンポーネントのテスト"/>
  <testcase name="VglCameraコンポーネントのテスト プロパティのテスト orbitPositionとorbitTargetのテスト orbitPosition only 原点をターゲットとしたposition" time="0.005" classname="Chrome_61_0_3163_(Mac_OS_X_10_12_6).VglCameraコンポーネントのテスト"/>
  <testcase name="VglCameraコンポーネントのテスト プロパティのテスト orbitPositionとorbitTargetのテスト orbitPosition only lookAt(0, 0, 0)" time="0.002" classname="Chrome_61_0_3163_(Mac_OS_X_10_12_6).VglCameraコンポーネントのテスト"/>
  <testcase name="VglCameraコンポーネントのテスト プロパティのテスト orbitPositionとorbitTargetのテスト orbitTarget only &quot;1 2 3&quot; -> lookAt(1, 2, 3)" time="0.001" classname="Chrome_61_0_3163_(Mac_OS_X_10_12_6).VglCameraコンポーネントのテスト"/>
  <testcase name="VglCameraコンポーネントのテスト プロパティのテスト orbitPositionとorbitTargetのテスト orbitTarget only &quot;1 2 3&quot; -> lookAt(1, 2, 3) with position" time="0.001" classname="Chrome_61_0_3163_(Mac_OS_X_10_12_6).VglCameraコンポーネントのテスト"/>
  <testcase name="VglCameraコンポーネントのテスト プロパティのテスト orbitPositionとorbitTargetのテスト With orbitPosition and orbitTarget targetを原点にしたposition" time="0.001" classname="Chrome_61_0_3163_(Mac_OS_X_10_12_6).VglCameraコンポーネントのテスト"/>
  <testcase name="VglCameraコンポーネントのテスト プロパティのテスト orbitPositionとorbitTargetのテスト With orbitPosition and orbitTarget lookAt orbitTarget" time="0.007" classname="Chrome_61_0_3163_(Mac_OS_X_10_12_6).VglCameraコンポーネントのテスト"/>
  <testcase name="VglCameraコンポーネントのテスト プロパティのテスト orbitPositionとorbitTargetのテスト Without orbitPosition nor orbitTarget undefined -> position, rotationを継承" time="0.003" classname="Chrome_61_0_3163_(Mac_OS_X_10_12_6).VglCameraコンポーネントのテスト"/>
  <testcase name="VglCircleGeometryコンポーネントのテスト プロパティの確認 instプロパティはCircleGeometryオブジェクト" time="0.002" classname="Chrome_61_0_3163_(Mac_OS_X_10_12_6).VglCircleGeometryコンポーネントのテスト"/>
  <testcase name="VglCircleGeometryコンポーネントのテスト プロパティのテスト radiusプロパティ undefined -> undefined (50)" time="0.001" classname="Chrome_61_0_3163_(Mac_OS_X_10_12_6).VglCircleGeometryコンポーネントのテスト"/>
  <testcase name="VglCircleGeometryコンポーネントのテスト プロパティのテスト radiusプロパティ &quot;20&quot; -> 20" time="0.001" classname="Chrome_61_0_3163_(Mac_OS_X_10_12_6).VglCircleGeometryコンポーネントのテスト"/>
  <testcase name="VglCircleGeometryコンポーネントのテスト プロパティ変更のテスト radiusが変更されると、新しいinstがnewされる" time="0.002" classname="Chrome_61_0_3163_(Mac_OS_X_10_12_6).VglCircleGeometryコンポーネントのテスト"/>
  <testcase name="VglConeGeometryコンポーネントのテスト プロパティの確認 instプロパティはConeGeometryオブジェクト" time="0.004" classname="Chrome_61_0_3163_(Mac_OS_X_10_12_6).VglConeGeometryコンポーネントのテスト"/>
  <testcase name="VglConeGeometryコンポーネントのテスト プロパティのテスト radiusプロパティ undefined -> undefined (50)" time="0.002" classname="Chrome_61_0_3163_(Mac_OS_X_10_12_6).VglConeGeometryコンポーネントのテスト"/>
  <testcase name="VglConeGeometryコンポーネントのテスト プロパティのテスト radiusプロパティ &quot;20&quot; -> 20" time="0.003" classname="Chrome_61_0_3163_(Mac_OS_X_10_12_6).VglConeGeometryコンポーネントのテスト"/>
  <testcase name="VglConeGeometryコンポーネントのテスト プロパティ変更のテスト radiusが変更されると、新しいinstがnewされる" time="0.002" classname="Chrome_61_0_3163_(Mac_OS_X_10_12_6).VglConeGeometryコンポーネントのテスト"/>
  <testcase name="VglDirectionalLightコンポーネントのテスト プロパティの確認 instプロパティはDirectionalLightオブジェクト" time="0.005" classname="Chrome_61_0_3163_(Mac_OS_X_10_12_6).VglDirectionalLightコンポーネントのテスト"/>
  <testcase name="VglGeometryコンポーネントのテスト プロパティの確認 instプロパティはGeometryオブジェクト" time="0.001" classname="Chrome_61_0_3163_(Mac_OS_X_10_12_6).VglGeometryコンポーネントのテスト"/>
  <testcase name="VglGeometryコンポーネントのテスト assetsへの登録 マウントすると、親assetsのgeometriesに登録される" time="0.002" classname="Chrome_61_0_3163_(Mac_OS_X_10_12_6).VglGeometryコンポーネントのテスト"/>
  <testcase name="VglGeometryコンポーネントのテスト assetsへの登録 コンポーネントが破棄されると、親assetsのgeometriesから削除される" time="0.005" classname="Chrome_61_0_3163_(Mac_OS_X_10_12_6).VglGeometryコンポーネントのテスト"/>
  <testcase name="VglGeometryコンポーネントのテスト assetsへの登録 インスタンスを置換すると、親assetsのgeometriesも置換される" time="0.026" classname="Chrome_61_0_3163_(Mac_OS_X_10_12_6).VglGeometryコンポーネントのテスト"/>
  <testcase name="VglGroupコンポーネントのテスト プロパティの確認 instプロパティはGroupオプジェクト" time="0.002" classname="Chrome_61_0_3163_(Mac_OS_X_10_12_6).VglGroupコンポーネントのテスト"/>
  <testcase name="VglLightコンポーネントのテスト プロパティの確認 instプロパティはLightオブジェクト" time="0.002" classname="Chrome_61_0_3163_(Mac_OS_X_10_12_6).VglLightコンポーネントのテスト"/>
  <testcase name="VglLightコンポーネントのテスト プロパティのテスト colorのテスト undefined -> 1, 1, 1" time="0.002" classname="Chrome_61_0_3163_(Mac_OS_X_10_12_6).VglLightコンポーネントのテスト"/>
  <testcase name="VglLightコンポーネントのテスト プロパティのテスト colorのテスト #e2e2e2 -> 0.886, 0.886, 0.886" time="0.004" classname="Chrome_61_0_3163_(Mac_OS_X_10_12_6).VglLightコンポーネントのテスト"/>
  <testcase name="VglLightコンポーネントのテスト プロパティのテスト intensityのテスト undefined -> 1" time="0.001" classname="Chrome_61_0_3163_(Mac_OS_X_10_12_6).VglLightコンポーネントのテスト"/>
  <testcase name="VglLightコンポーネントのテスト プロパティのテスト intensityのテスト 0.8 -> 0.8" time="0" classname="Chrome_61_0_3163_(Mac_OS_X_10_12_6).VglLightコンポーネントのテスト"/>
  <testcase name="VglLightコンポーネントのテスト プロパティ変更のテスト colorを変更 undefined -> #e2e2e2" time="0.001" classname="Chrome_61_0_3163_(Mac_OS_X_10_12_6).VglLightコンポーネントのテスト"/>
  <testcase name="VglLightコンポーネントのテスト プロパティ変更のテスト colorを変更 #e2e2e2 -> #000" time="0.004" classname="Chrome_61_0_3163_(Mac_OS_X_10_12_6).VglLightコンポーネントのテスト"/>
  <testcase name="VglLightコンポーネントのテスト プロパティ変更のテスト intensityを変更 undefined -> 0.8" time="0.001" classname="Chrome_61_0_3163_(Mac_OS_X_10_12_6).VglLightコンポーネントのテスト"/>
  <testcase name="VglLightコンポーネントのテスト プロパティ変更のテスト intensityを変更 0.6 -> 0.7" time="0.002" classname="Chrome_61_0_3163_(Mac_OS_X_10_12_6).VglLightコンポーネントのテスト"/>
  <testcase name="VglLineBasicMaterialコンポーネントのテスト プロパティの確認 instプロパティはLineBasicMaterialオブジェクト" time="0.001" classname="Chrome_61_0_3163_(Mac_OS_X_10_12_6).VglLineBasicMaterialコンポーネントのテスト"/>
  <testcase name="VglLineBasicMaterialコンポーネントのテスト プロパティのテスト colorのテスト undefined -> 1, 1, 1" time="0.001" classname="Chrome_61_0_3163_(Mac_OS_X_10_12_6).VglLineBasicMaterialコンポーネントのテスト"/>
  <testcase name="VglLineBasicMaterialコンポーネントのテスト プロパティのテスト colorのテスト #e2e2e2 -> 0.886, 0.886, 0.886" time="0.001" classname="Chrome_61_0_3163_(Mac_OS_X_10_12_6).VglLineBasicMaterialコンポーネントのテスト"/>
  <testcase name="VglLineBasicMaterialコンポーネントのテスト プロパティのテスト lightsのテスト undefined -> false" time="0.002" classname="Chrome_61_0_3163_(Mac_OS_X_10_12_6).VglLineBasicMaterialコンポーネントのテスト"/>
  <testcase name="VglLineBasicMaterialコンポーネントのテスト プロパティのテスト lightsのテスト true -> true" time="0.003" classname="Chrome_61_0_3163_(Mac_OS_X_10_12_6).VglLineBasicMaterialコンポーネントのテスト"/>
  <testcase name="VglLineBasicMaterialコンポーネントのテスト プロパティのテスト linewidthのテスト undefined -> 1" time="0.002" classname="Chrome_61_0_3163_(Mac_OS_X_10_12_6).VglLineBasicMaterialコンポーネントのテスト"/>
  <testcase name="VglLineBasicMaterialコンポーネントのテスト プロパティのテスト linewidthのテスト &quot;2.1&quot; -> 2.1" time="0.001" classname="Chrome_61_0_3163_(Mac_OS_X_10_12_6).VglLineBasicMaterialコンポーネントのテスト"/>
  <testcase name="VglLineBasicMaterialコンポーネントのテスト プロパティのテスト linecapのテスト undefined -> &quot;round&quot;" time="0" classname="Chrome_61_0_3163_(Mac_OS_X_10_12_6).VglLineBasicMaterialコンポーネントのテスト"/>
  <testcase name="VglLineBasicMaterialコンポーネントのテスト プロパティのテスト linecapのテスト &quot;square&quot; -> &quot;square&quot;" time="0" classname="Chrome_61_0_3163_(Mac_OS_X_10_12_6).VglLineBasicMaterialコンポーネントのテスト"/>
  <testcase name="VglLineBasicMaterialコンポーネントのテスト プロパティのテスト linejoinのテスト undefined -> &quot;round&quot;" time="0.001" classname="Chrome_61_0_3163_(Mac_OS_X_10_12_6).VglLineBasicMaterialコンポーネントのテスト"/>
  <testcase name="VglLineBasicMaterialコンポーネントのテスト プロパティのテスト linejoinのテスト &quot;bevel&quot; -> &quot;bevel&quot;" time="0" classname="Chrome_61_0_3163_(Mac_OS_X_10_12_6).VglLineBasicMaterialコンポーネントのテスト"/>
  <testcase name="VglLineBasicMaterialコンポーネントのテスト プロパティ変更のテスト colorの変更 undefined -> #000" time="0.001" classname="Chrome_61_0_3163_(Mac_OS_X_10_12_6).VglLineBasicMaterialコンポーネントのテスト"/>
  <testcase name="VglLineBasicMaterialコンポーネントのテスト プロパティ変更のテスト colorの変更 #000000 -> #e2e2e2" time="0.002" classname="Chrome_61_0_3163_(Mac_OS_X_10_12_6).VglLineBasicMaterialコンポーネントのテスト"/>
  <testcase name="VglLineBasicMaterialコンポーネントのテスト プロパティ変更のテスト lightsの変更 undefined -> true" time="0.001" classname="Chrome_61_0_3163_(Mac_OS_X_10_12_6).VglLineBasicMaterialコンポーネントのテスト"/>
  <testcase name="VglLineBasicMaterialコンポーネントのテスト プロパティ変更のテスト lightsの変更 true -> false" time="0.001" classname="Chrome_61_0_3163_(Mac_OS_X_10_12_6).VglLineBasicMaterialコンポーネントのテスト"/>
  <testcase name="VglLineBasicMaterialコンポーネントのテスト プロパティ変更のテスト linewidthの変更 undefined -> &quot;0.5&quot;" time="0.001" classname="Chrome_61_0_3163_(Mac_OS_X_10_12_6).VglLineBasicMaterialコンポーネントのテスト"/>
  <testcase name="VglLineBasicMaterialコンポーネントのテスト プロパティ変更のテスト linewidthの変更 0.8 -> 1.2" time="0.002" classname="Chrome_61_0_3163_(Mac_OS_X_10_12_6).VglLineBasicMaterialコンポーネントのテスト"/>
  <testcase name="VglLineBasicMaterialコンポーネントのテスト プロパティ変更のテスト linecapの変更 undefined -> &quot;butt&quot;" time="0.001" classname="Chrome_61_0_3163_(Mac_OS_X_10_12_6).VglLineBasicMaterialコンポーネントのテスト"/>
  <testcase name="VglLineBasicMaterialコンポーネントのテスト プロパティ変更のテスト linecapの変更 &quot;round&quot; -> &quot;square&quot;" time="0.001" classname="Chrome_61_0_3163_(Mac_OS_X_10_12_6).VglLineBasicMaterialコンポーネントのテスト"/>
  <testcase name="VglLineBasicMaterialコンポーネントのテスト プロパティ変更のテスト linejoinの変更 undefined -> &quot;square&quot;" time="0.001" classname="Chrome_61_0_3163_(Mac_OS_X_10_12_6).VglLineBasicMaterialコンポーネントのテスト"/>
  <testcase name="VglLineBasicMaterialコンポーネントのテスト プロパティ変更のテスト linejoinの変更 &quot;bevel&quot; -> &quot;miter&quot;" time="0" classname="Chrome_61_0_3163_(Mac_OS_X_10_12_6).VglLineBasicMaterialコンポーネントのテスト"/>
  <testcase name="VglLineLoopのテスト プロパティの確認 instプロパティはLineLoopオブジェクト" time="0.002" classname="Chrome_61_0_3163_(Mac_OS_X_10_12_6).VglLineLoopのテスト"/>
  <testcase name="VglLineSegmentsのテスト プロパティの確認 instプロパティはLineSegmentsオブジェクト" time="0.002" classname="Chrome_61_0_3163_(Mac_OS_X_10_12_6).VglLineSegmentsのテスト"/>
  <testcase name="VglLineのテスト プロパティの確認 instプロパティはLineオブジェクト" time="0.002" classname="Chrome_61_0_3163_(Mac_OS_X_10_12_6).VglLineのテスト"/>
  <testcase name="VglLineのテスト プロパティのテスト geometryのテスト 同じ階層のgeometry" time="0.005" classname="Chrome_61_0_3163_(Mac_OS_X_10_12_6).VglLineのテスト"/>
  <testcase name="VglLineのテスト プロパティのテスト geometryのテスト 上層のgeometry" time="0.005" classname="Chrome_61_0_3163_(Mac_OS_X_10_12_6).VglLineのテスト"/>
  <testcase name="VglLineのテスト プロパティのテスト geometryのテスト スコープ外のgeometry" time="0.003" classname="Chrome_61_0_3163_(Mac_OS_X_10_12_6).VglLineのテスト"/>
  <testcase name="VglLineのテスト プロパティのテスト materialのテスト 同じ階層のmaterial" time="0.002" classname="Chrome_61_0_3163_(Mac_OS_X_10_12_6).VglLineのテスト"/>
  <testcase name="VglLineのテスト プロパティのテスト materialのテスト 上層のmaterial" time="0.002" classname="Chrome_61_0_3163_(Mac_OS_X_10_12_6).VglLineのテスト"/>
  <testcase name="VglLineのテスト プロパティのテスト materialのテスト スコープ外のmaterial" time="0.002" classname="Chrome_61_0_3163_(Mac_OS_X_10_12_6).VglLineのテスト"/>
  <testcase name="VglMaterialコンポーネントのテスト プロパティの確認 instプロパティはMaterialオブジェクト" time="0" classname="Chrome_61_0_3163_(Mac_OS_X_10_12_6).VglMaterialコンポーネントのテスト"/>
  <testcase name="VglMaterialコンポーネントのテスト assetsへの登録 マウントすると、親assetsのmaterialsに登録される" time="0.003" classname="Chrome_61_0_3163_(Mac_OS_X_10_12_6).VglMaterialコンポーネントのテスト"/>
  <testcase name="VglMaterialコンポーネントのテスト assetsへの登録 コンポーネントが破棄されると、親assetsのmaterialsから削除される" time="0.003" classname="Chrome_61_0_3163_(Mac_OS_X_10_12_6).VglMaterialコンポーネントのテスト"/>
  <testcase name="VglMaterialコンポーネントのテスト assetsへの登録 インスタンスを置換すると、親assetsのmaterialsも置換される" time="0.007" classname="Chrome_61_0_3163_(Mac_OS_X_10_12_6).VglMaterialコンポーネントのテスト"/>
  <testcase name="VglMeshStandardMaterialコンポーネントのテスト プロパティの確認 instプロパティはMeshStandardMaterialオブジェクト" time="0.002" classname="Chrome_61_0_3163_(Mac_OS_X_10_12_6).VglMeshStandardMaterialコンポーネントのテスト"/>
  <testcase name="VglMeshStandardMaterialコンポーネントのテスト プロパティのテスト colorのテスト undefined -> 1, 1, 1" time="0.001" classname="Chrome_61_0_3163_(Mac_OS_X_10_12_6).VglMeshStandardMaterialコンポーネントのテスト"/>
  <testcase name="VglMeshStandardMaterialコンポーネントのテスト プロパティのテスト colorのテスト #e2e2e2 -> 0.886, 0.886, 0.886" time="0.004" classname="Chrome_61_0_3163_(Mac_OS_X_10_12_6).VglMeshStandardMaterialコンポーネントのテスト"/>
  <testcase name="VglMeshStandardMaterialコンポーネントのテスト プロパティ変更のテスト colorの変更 undefined -> #000" time="0.001" classname="Chrome_61_0_3163_(Mac_OS_X_10_12_6).VglMeshStandardMaterialコンポーネントのテスト"/>
  <testcase name="VglMeshStandardMaterialコンポーネントのテスト プロパティ変更のテスト colorの変更 #000000 -> #e2e2e2" time="0.002" classname="Chrome_61_0_3163_(Mac_OS_X_10_12_6).VglMeshStandardMaterialコンポーネントのテスト"/>
  <testcase name="VglMeshのテスト プロパティの確認 instプロパティはMeshオブジェクト" time="0.004" classname="Chrome_61_0_3163_(Mac_OS_X_10_12_6).VglMeshのテスト"/>
  <testcase name="VglMeshのテスト プロパティのテスト geometryのテスト 同じ階層のgeometry" time="0.007" classname="Chrome_61_0_3163_(Mac_OS_X_10_12_6).VglMeshのテスト"/>
  <testcase name="VglMeshのテスト プロパティのテスト geometryのテスト 上層のgeometry" time="0.004" classname="Chrome_61_0_3163_(Mac_OS_X_10_12_6).VglMeshのテスト"/>
  <testcase name="VglMeshのテスト プロパティのテスト geometryのテスト スコープ外のgeometry" time="0.003" classname="Chrome_61_0_3163_(Mac_OS_X_10_12_6).VglMeshのテスト"/>
  <testcase name="VglMeshのテスト プロパティのテスト materialのテスト 同じ階層のmaterial" time="0.005" classname="Chrome_61_0_3163_(Mac_OS_X_10_12_6).VglMeshのテスト"/>
  <testcase name="VglMeshのテスト プロパティのテスト materialのテスト 上層のmaterial" time="0.004" classname="Chrome_61_0_3163_(Mac_OS_X_10_12_6).VglMeshのテスト"/>
  <testcase name="VglMeshのテスト プロパティのテスト materialのテスト スコープ外のmaterial" time="0.001" classname="Chrome_61_0_3163_(Mac_OS_X_10_12_6).VglMeshのテスト"/>
  <testcase name="VglObject3dコンポーネントのテスト プロパティの確認 instプロパティはObject3Dオブジェクト" time="0.002" classname="Chrome_61_0_3163_(Mac_OS_X_10_12_6).VglObject3dコンポーネントのテスト"/>
  <testcase name="VglObject3dコンポーネントのテスト 親子関係のテスト インスタンス生成 子コンポーネントのインスタンスが親コンポーネントのインスタンスにaddされる" time="0.033" classname="Chrome_61_0_3163_(Mac_OS_X_10_12_6).VglObject3dコンポーネントのテスト"/>
  <testcase name="VglObject3dコンポーネントのテスト 親子関係のテスト インスタンス生成 リアクティブなadd" time="0.033" classname="Chrome_61_0_3163_(Mac_OS_X_10_12_6).VglObject3dコンポーネントのテスト"/>
  <testcase name="VglObject3dコンポーネントのテスト 親子関係のテスト インスタンス生成 Object3D以外のコンポーネントをスキップしてaddされる" time="0.023" classname="Chrome_61_0_3163_(Mac_OS_X_10_12_6).VglObject3dコンポーネントのテスト"/>
  <testcase name="VglObject3dコンポーネントのテスト 親子関係のテスト インスタンス生成 スキップしてリアクティブにaddされる" time="0.018" classname="Chrome_61_0_3163_(Mac_OS_X_10_12_6).VglObject3dコンポーネントのテスト"/>
  <testcase name="VglObject3dコンポーネントのテスト 親子関係のテスト インスタンス破棄 子コンポーネントのインスタンスが親コンポーネントのインスタンスからremoveされる" time="0.032" classname="Chrome_61_0_3163_(Mac_OS_X_10_12_6).VglObject3dコンポーネントのテスト"/>
  <testcase name="VglObject3dコンポーネントのテスト 親子関係のテスト インスタンス破棄 Object3D以外のコンポーネントをスキップしてremoveされる" time="0.021" classname="Chrome_61_0_3163_(Mac_OS_X_10_12_6).VglObject3dコンポーネントのテスト"/>
  <testcase name="VglObject3dコンポーネントのテスト プロパティのテスト positionのテスト Non-data undefined => 0, 0, 0" time="0.001" classname="Chrome_61_0_3163_(Mac_OS_X_10_12_6).VglObject3dコンポーネントのテスト"/>
  <testcase name="VglObject3dコンポーネントのテスト プロパティのテスト positionのテスト Non-data null => 0, 0, 0" time="0.001" classname="Chrome_61_0_3163_(Mac_OS_X_10_12_6).VglObject3dコンポーネントのテスト"/>
  <testcase name="VglObject3dコンポーネントのテスト プロパティのテスト positionのテスト 配列 [-2.3, 8, 9.2e-3] => -2.3, 8, 9.2e-3" time="0.002" classname="Chrome_61_0_3163_(Mac_OS_X_10_12_6).VglObject3dコンポーネントのテスト"/>
  <testcase name="VglObject3dコンポーネントのテスト プロパティのテスト positionのテスト 配列 [&quot;-2.3&quot;, &quot;72.1&quot;, &quot;9.2e-3'&quot;] => -2.3, 72.1, 9.2e-3" time="0.001" classname="Chrome_61_0_3163_(Mac_OS_X_10_12_6).VglObject3dコンポーネントのテスト"/>
  <testcase name="VglObject3dコンポーネントのテスト プロパティのテスト positionのテスト オブジェクト {x: -1, y: -5, z: 6.8} => -1, -5, 6.8" time="0.001" classname="Chrome_61_0_3163_(Mac_OS_X_10_12_6).VglObject3dコンポーネントのテスト"/>
  <testcase name="VglObject3dコンポーネントのテスト プロパティのテスト positionのテスト オブジェクト {x: &quot;1&quot;, y: &quot;-5&quot;, z: &quot;6.9&quot;} => 1, -5, 6.9" time="0.001" classname="Chrome_61_0_3163_(Mac_OS_X_10_12_6).VglObject3dコンポーネントのテスト"/>
  <testcase name="VglObject3dコンポーネントのテスト プロパティのテスト positionのテスト オブジェクト {x: -1, y: -5} => -1, -5, 0" time="0.001" classname="Chrome_61_0_3163_(Mac_OS_X_10_12_6).VglObject3dコンポーネントのテスト"/>
  <testcase name="VglObject3dコンポーネントのテスト プロパティのテスト positionのテスト 文字列 &quot;-1.0 -5e8 6.8&quot; => -1, -5e8, 6.8" time="0.001" classname="Chrome_61_0_3163_(Mac_OS_X_10_12_6).VglObject3dコンポーネントのテスト"/>
  <testcase name="VglObject3dコンポーネントのテスト プロパティのテスト positionのテスト 文字列 &quot;-1.0  -5e8   6.8&quot; => -1, -5e8, 6.8" time="0.001" classname="Chrome_61_0_3163_(Mac_OS_X_10_12_6).VglObject3dコンポーネントのテスト"/>
  <testcase name="VglObject3dコンポーネントのテスト プロパティのテスト positionのテスト 文字列 &quot; -1.0  -5e8   6.8  &quot; => -1, -5e8, 6.8" time="0.001" classname="Chrome_61_0_3163_(Mac_OS_X_10_12_6).VglObject3dコンポーネントのテスト"/>
  <testcase name="VglObject3dコンポーネントのテスト プロパティのテスト positionのテスト 文字列 &quot; -1.0ad&lt;'  -5e8'   6.8x9  &quot; => -1, -5e8, 6.8" time="0.001" classname="Chrome_61_0_3163_(Mac_OS_X_10_12_6).VglObject3dコンポーネントのテスト"/>
  <testcase name="VglObject3dコンポーネントのテスト プロパティのテスト positionのテスト 文字列 &quot;&quot; => 0, 0, 0" time="0.001" classname="Chrome_61_0_3163_(Mac_OS_X_10_12_6).VglObject3dコンポーネントのテスト"/>
  <testcase name="VglObject3dコンポーネントのテスト プロパティのテスト rotationのテスト Non-data undefined => 0, 0, 0, &quot;XYZ&quot;" time="0.001" classname="Chrome_61_0_3163_(Mac_OS_X_10_12_6).VglObject3dコンポーネントのテスト"/>
  <testcase name="VglObject3dコンポーネントのテスト プロパティのテスト rotationのテスト Non-data null => 0, 0, 0, &quot;XYZ&quot;" time="0.001" classname="Chrome_61_0_3163_(Mac_OS_X_10_12_6).VglObject3dコンポーネントのテスト"/>
  <testcase name="VglObject3dコンポーネントのテスト プロパティのテスト rotationのテスト 配列 [-1, 5, 6.8, &quot;ZYX&quot;] => -1, 5, 6.8, &quot;ZYX&quot;" time="0.001" classname="Chrome_61_0_3163_(Mac_OS_X_10_12_6).VglObject3dコンポーネントのテスト"/>
  <testcase name="VglObject3dコンポーネントのテスト プロパティのテスト rotationのテスト 配列 [&quot;-1&quot;, &quot;5&quot;, &quot;8.99&quot;, &quot;YZX&quot;] => -1, 5, 8.99, &quot;YZX&quot;" time="0.002" classname="Chrome_61_0_3163_(Mac_OS_X_10_12_6).VglObject3dコンポーネントのテスト"/>
  <testcase name="VglObject3dコンポーネントのテスト プロパティのテスト rotationのテスト オブジェクト {x: -1, y: -5, z: 6.8, order: &quot;ZYX&quot;} => -1, -5, 6.8, &quot;ZYX&quot;" time="0.002" classname="Chrome_61_0_3163_(Mac_OS_X_10_12_6).VglObject3dコンポーネントのテスト"/>
  <testcase name="VglObject3dコンポーネントのテスト プロパティのテスト rotationのテスト オブジェクト {x: &quot;3&quot;, y: &quot;-5&quot;, z: &quot;1.8&quot;, order: &quot;XZY&quot;} => 3, -5, 1.8, &quot;XZY&quot;" time="0.001" classname="Chrome_61_0_3163_(Mac_OS_X_10_12_6).VglObject3dコンポーネントのテスト"/>
  <testcase name="VglObject3dコンポーネントのテスト プロパティのテスト rotationのテスト オブジェクト {x: 3, z: &quot;1.8&quot;} => 3, 0, 1.8, &quot;XYZ&quot;" time="0.001" classname="Chrome_61_0_3163_(Mac_OS_X_10_12_6).VglObject3dコンポーネントのテスト"/>
  <testcase name="VglObject3dコンポーネントのテスト プロパティのテスト rotationのテスト 文字列 &quot;-1.0 -5e8 6.8 XYZ&quot; => -1, -5e8, 6.8, &quot;XYZ&quot;" time="0.002" classname="Chrome_61_0_3163_(Mac_OS_X_10_12_6).VglObject3dコンポーネントのテスト"/>
  <testcase name="VglObject3dコンポーネントのテスト プロパティのテスト rotationのテスト 文字列 &quot;-1.0  -5e8   6.8 XZY&quot; => -1, -5e8, 6.8, &quot;XZY&quot;" time="0.001" classname="Chrome_61_0_3163_(Mac_OS_X_10_12_6).VglObject3dコンポーネントのテスト"/>
  <testcase name="VglObject3dコンポーネントのテスト プロパティのテスト rotationのテスト 文字列 &quot; -1.0  -5e8   6.8   YZX &quot; => -1, -5e8, 6.8, &quot;YZX&quot;" time="0.001" classname="Chrome_61_0_3163_(Mac_OS_X_10_12_6).VglObject3dコンポーネントのテスト"/>
  <testcase name="VglObject3dコンポーネントのテスト プロパティのテスト rotationのテスト 文字列 &quot;&quot; => 0, 0, 0, &quot;XYZ&quot;" time="0.001" classname="Chrome_61_0_3163_(Mac_OS_X_10_12_6).VglObject3dコンポーネントのテスト"/>
  <testcase name="VglObject3dコンポーネントのテスト プロパティのテスト scaleのテスト Non-data undefined => 1, 1, 1" time="0.001" classname="Chrome_61_0_3163_(Mac_OS_X_10_12_6).VglObject3dコンポーネントのテスト"/>
  <testcase name="VglObject3dコンポーネントのテスト プロパティのテスト scaleのテスト Non-data null => 1, 1, 1" time="0" classname="Chrome_61_0_3163_(Mac_OS_X_10_12_6).VglObject3dコンポーネントのテスト"/>
  <testcase name="VglObject3dコンポーネントのテスト プロパティのテスト scaleのテスト 配列 [-2.3, 8, 9.2e-3] => -2.3, 8, 9.2e-3" time="0.001" classname="Chrome_61_0_3163_(Mac_OS_X_10_12_6).VglObject3dコンポーネントのテスト"/>
  <testcase name="VglObject3dコンポーネントのテスト プロパティのテスト scaleのテスト 配列 [&quot;-2.3&quot;, &quot;72.1&quot;, &quot;9.2e-3'&quot;] => -2.3, 72.1, 9.2e-3" time="0.001" classname="Chrome_61_0_3163_(Mac_OS_X_10_12_6).VglObject3dコンポーネントのテスト"/>
  <testcase name="VglObject3dコンポーネントのテスト プロパティのテスト scaleのテスト オブジェクト {x: -1, y: -5, z: 6.8} => -1, -5, 6.8" time="0.001" classname="Chrome_61_0_3163_(Mac_OS_X_10_12_6).VglObject3dコンポーネントのテスト"/>
  <testcase name="VglObject3dコンポーネントのテスト プロパティのテスト scaleのテスト オブジェクト {x: -1, y: -5, z: 6.8} => -1, -5, 6.8" time="0.001" classname="Chrome_61_0_3163_(Mac_OS_X_10_12_6).VglObject3dコンポーネントのテスト"/>
  <testcase name="VglObject3dコンポーネントのテスト プロパティのテスト scaleのテスト 文字列 &quot;-1.0 -5e8 6.8&quot; => -1, -5e8, 6.8" time="0" classname="Chrome_61_0_3163_(Mac_OS_X_10_12_6).VglObject3dコンポーネントのテスト"/>
  <testcase name="VglObject3dコンポーネントのテスト プロパティのテスト scaleのテスト 文字列 &quot;-1.0  -5e8   6.8&quot; => -1, -5e8, 6.8" time="0" classname="Chrome_61_0_3163_(Mac_OS_X_10_12_6).VglObject3dコンポーネントのテスト"/>
  <testcase name="VglObject3dコンポーネントのテスト プロパティのテスト scaleのテスト 文字列 &quot; -1.0  -5e8   6.8  &quot; => -1, -5e8, 6.8" time="0" classname="Chrome_61_0_3163_(Mac_OS_X_10_12_6).VglObject3dコンポーネントのテスト"/>
  <testcase name="VglObject3dコンポーネントのテスト プロパティのテスト scaleのテスト 文字列 &quot; -1.0ad&lt;'  -5e8'   6.8x9  &quot; => -1, -5e8, 6.8" time="0" classname="Chrome_61_0_3163_(Mac_OS_X_10_12_6).VglObject3dコンポーネントのテスト"/>
  <testcase name="VglObject3dコンポーネントのテスト プロパティのテスト scaleのテスト 文字列 &quot;&quot; => 1, 1, 1" time="0.001" classname="Chrome_61_0_3163_(Mac_OS_X_10_12_6).VglObject3dコンポーネントのテスト"/>
  <testcase name="VglObject3dコンポーネントのテスト プロパティの変更のテスト positionの変更 undefined -> &quot;1.1 -1.9 8&quot;" time="0.005" classname="Chrome_61_0_3163_(Mac_OS_X_10_12_6).VglObject3dコンポーネントのテスト"/>
  <testcase name="VglObject3dコンポーネントのテスト プロパティの変更のテスト positionの変更 &quot;2.1 3 5&quot; -> &quot;1.1 -1.9 8&quot;" time="0.003" classname="Chrome_61_0_3163_(Mac_OS_X_10_12_6).VglObject3dコンポーネントのテスト"/>
  <testcase name="VglObject3dコンポーネントのテスト プロパティの変更のテスト positionの変更 &quot;2.1 3 5&quot; -> {x: 1, y: 2.5, z: -8.2}" time="0.003" classname="Chrome_61_0_3163_(Mac_OS_X_10_12_6).VglObject3dコンポーネントのテスト"/>
  <testcase name="VglObject3dコンポーネントのテスト プロパティの変更のテスト positionの変更 &quot;1.1 -1.9 8&quot; -> undefined" time="0.003" classname="Chrome_61_0_3163_(Mac_OS_X_10_12_6).VglObject3dコンポーネントのテスト"/>
  <testcase name="VglObject3dコンポーネントのテスト プロパティの変更のテスト rotationの変更 undefined -> &quot;1.1 -1.9 8 ZYX&quot;" time="0.004" classname="Chrome_61_0_3163_(Mac_OS_X_10_12_6).VglObject3dコンポーネントのテスト"/>
  <testcase name="VglObject3dコンポーネントのテスト プロパティの変更のテスト rotationの変更 &quot;2.1 3 5 ZYX&quot; -> &quot;1.1 -1.9 8  YZX&quot;" time="0.003" classname="Chrome_61_0_3163_(Mac_OS_X_10_12_6).VglObject3dコンポーネントのテスト"/>
  <testcase name="VglObject3dコンポーネントのテスト プロパティの変更のテスト rotationの変更 &quot;2.1 3 5  &quot; -> {x: 1, y: 2.5, z: -8.2, order: &quot;YXZ&quot;}" time="0.002" classname="Chrome_61_0_3163_(Mac_OS_X_10_12_6).VglObject3dコンポーネントのテスト"/>
  <testcase name="VglObject3dコンポーネントのテスト プロパティの変更のテスト rotationの変更 &quot;1.1 -1.9 8&quot; -> undefined" time="0.002" classname="Chrome_61_0_3163_(Mac_OS_X_10_12_6).VglObject3dコンポーネントのテスト"/>
  <testcase name="VglObject3dコンポーネントのテスト プロパティの変更のテスト scaleの変更 undefined -> &quot;1.1 -1.9 8&quot;" time="0.002" classname="Chrome_61_0_3163_(Mac_OS_X_10_12_6).VglObject3dコンポーネントのテスト"/>
  <testcase name="VglObject3dコンポーネントのテスト プロパティの変更のテスト scaleの変更 &quot;2.1 3 5&quot; -> &quot;1.1 -1.9 8&quot;" time="0.002" classname="Chrome_61_0_3163_(Mac_OS_X_10_12_6).VglObject3dコンポーネントのテスト"/>
  <testcase name="VglObject3dコンポーネントのテスト プロパティの変更のテスト scaleの変更 &quot;2.1 3 5&quot; -> {x: 1, y: 2.5, z: -8.2}" time="0.002" classname="Chrome_61_0_3163_(Mac_OS_X_10_12_6).VglObject3dコンポーネントのテスト"/>
  <testcase name="VglObject3dコンポーネントのテスト プロパティの変更のテスト scaleの変更 &quot;1.1 -1.9 8&quot; -> undefined" time="0.005" classname="Chrome_61_0_3163_(Mac_OS_X_10_12_6).VglObject3dコンポーネントのテスト"/>
  <testcase name="VglObject3dコンポーネントのテスト インスタンスの置換のテスト 置換後のposition" time="0.002" classname="Chrome_61_0_3163_(Mac_OS_X_10_12_6).VglObject3dコンポーネントのテスト"/>
  <testcase name="VglObject3dコンポーネントのテスト インスタンスの置換のテスト 置換後のrotation" time="0.001" classname="Chrome_61_0_3163_(Mac_OS_X_10_12_6).VglObject3dコンポーネントのテスト"/>
  <testcase name="VglObject3dコンポーネントのテスト インスタンスの置換のテスト 置換後のscale" time="0.001" classname="Chrome_61_0_3163_(Mac_OS_X_10_12_6).VglObject3dコンポーネントのテスト"/>
  <testcase name="VglOrthographicCameraコンポーネントのテスト プロパティの確認 instプロパティはOrthographicCameraオブジェクト" time="0.004" classname="Chrome_61_0_3163_(Mac_OS_X_10_12_6).VglOrthographicCameraコンポーネントのテスト"/>
  <testcase name="VglOrthographicCameraコンポーネントのテスト プロパティのテスト zoomのテスト undefined -> 1" time="0.002" classname="Chrome_61_0_3163_(Mac_OS_X_10_12_6).VglOrthographicCameraコンポーネントのテスト"/>
  <testcase name="VglOrthographicCameraコンポーネントのテスト プロパティのテスト zoomのテスト 0.5 -> 0.5" time="0.001" classname="Chrome_61_0_3163_(Mac_OS_X_10_12_6).VglOrthographicCameraコンポーネントのテスト"/>
  <testcase name="VglOrthographicCameraコンポーネントのテスト プロパティのテスト nearのテスト undefined -> 0.1" time="0" classname="Chrome_61_0_3163_(Mac_OS_X_10_12_6).VglOrthographicCameraコンポーネントのテスト"/>
  <testcase name="VglOrthographicCameraコンポーネントのテスト プロパティのテスト nearのテスト 0.3 -> 0.3" time="0.001" classname="Chrome_61_0_3163_(Mac_OS_X_10_12_6).VglOrthographicCameraコンポーネントのテスト"/>
  <testcase name="VglOrthographicCameraコンポーネントのテスト プロパティのテスト farのテスト undefined -> 2000" time="0.001" classname="Chrome_61_0_3163_(Mac_OS_X_10_12_6).VglOrthographicCameraコンポーネントのテスト"/>
  <testcase name="VglOrthographicCameraコンポーネントのテスト プロパティのテスト farのテスト 100 -> 100" time="0.002" classname="Chrome_61_0_3163_(Mac_OS_X_10_12_6).VglOrthographicCameraコンポーネントのテスト"/>
  <testcase name="VglOrthographicCameraコンポーネントのテスト プロパティの変更のテスト zoomを変更 1.1 -> 0.8" time="0.003" classname="Chrome_61_0_3163_(Mac_OS_X_10_12_6).VglOrthographicCameraコンポーネントのテスト"/>
  <testcase name="VglOrthographicCameraコンポーネントのテスト プロパティの変更のテスト nearを変更 0.2 -> 0.3" time="0.003" classname="Chrome_61_0_3163_(Mac_OS_X_10_12_6).VglOrthographicCameraコンポーネントのテスト"/>
  <testcase name="VglOrthographicCameraコンポーネントのテスト プロパティの変更のテスト farを変更 3000 -> 3500" time="0.003" classname="Chrome_61_0_3163_(Mac_OS_X_10_12_6).VglOrthographicCameraコンポーネントのテスト"/>
  <testcase name="VglPerspectiveCameraコンポーネントのテスト プロパティの確認 instプロパティはPerspectiveCameraオブジェクト" time="0.005" classname="Chrome_61_0_3163_(Mac_OS_X_10_12_6).VglPerspectiveCameraコンポーネントのテスト"/>
  <testcase name="VglPerspectiveCameraコンポーネントのテスト プロパティのテスト zoomのテスト undefined -> 1" time="0.002" classname="Chrome_61_0_3163_(Mac_OS_X_10_12_6).VglPerspectiveCameraコンポーネントのテスト"/>
  <testcase name="VglPerspectiveCameraコンポーネントのテスト プロパティのテスト zoomのテスト 0.5 -> 0.5" time="0.003" classname="Chrome_61_0_3163_(Mac_OS_X_10_12_6).VglPerspectiveCameraコンポーネントのテスト"/>
  <testcase name="VglPerspectiveCameraコンポーネントのテスト プロパティのテスト nearのテスト undefined -> 0.1" time="0.002" classname="Chrome_61_0_3163_(Mac_OS_X_10_12_6).VglPerspectiveCameraコンポーネントのテスト"/>
  <testcase name="VglPerspectiveCameraコンポーネントのテスト プロパティのテスト nearのテスト 0.3 -> 0.3" time="0.002" classname="Chrome_61_0_3163_(Mac_OS_X_10_12_6).VglPerspectiveCameraコンポーネントのテスト"/>
  <testcase name="VglPerspectiveCameraコンポーネントのテスト プロパティのテスト farのテスト undefined -> 2000" time="0.003" classname="Chrome_61_0_3163_(Mac_OS_X_10_12_6).VglPerspectiveCameraコンポーネントのテスト"/>
  <testcase name="VglPerspectiveCameraコンポーネントのテスト プロパティのテスト farのテスト 100 -> 100" time="0.001" classname="Chrome_61_0_3163_(Mac_OS_X_10_12_6).VglPerspectiveCameraコンポーネントのテスト"/>
  <testcase name="VglPerspectiveCameraコンポーネントのテスト プロパティのテスト fovのテスト undefined -> 50" time="0" classname="Chrome_61_0_3163_(Mac_OS_X_10_12_6).VglPerspectiveCameraコンポーネントのテスト"/>
  <testcase name="VglPerspectiveCameraコンポーネントのテスト プロパティのテスト fovのテスト 75 -> 75" time="0.001" classname="Chrome_61_0_3163_(Mac_OS_X_10_12_6).VglPerspectiveCameraコンポーネントのテスト"/>
  <testcase name="VglPerspectiveCameraコンポーネントのテスト プロパティの変更のテスト zoomを変更 1.1 -> 0.8" time="0.002" classname="Chrome_61_0_3163_(Mac_OS_X_10_12_6).VglPerspectiveCameraコンポーネントのテスト"/>
  <testcase name="VglPerspectiveCameraコンポーネントのテスト プロパティの変更のテスト nearを変更 0.2 -> 0.3" time="0.003" classname="Chrome_61_0_3163_(Mac_OS_X_10_12_6).VglPerspectiveCameraコンポーネントのテスト"/>
  <testcase name="VglPerspectiveCameraコンポーネントのテスト プロパティの変更のテスト farを変更 3000 -> 3500" time="0.002" classname="Chrome_61_0_3163_(Mac_OS_X_10_12_6).VglPerspectiveCameraコンポーネントのテスト"/>
  <testcase name="VglPerspectiveCameraコンポーネントのテスト プロパティの変更のテスト fovを変更 75 -> 80" time="0.002" classname="Chrome_61_0_3163_(Mac_OS_X_10_12_6).VglPerspectiveCameraコンポーネントのテスト"/>
  <testcase name="VglPointsMaterialコンポーネントのテスト プロパティの確認 instプロパティはPointsMaterialオブジェクト" time="0.002" classname="Chrome_61_0_3163_(Mac_OS_X_10_12_6).VglPointsMaterialコンポーネントのテスト"/>
  <testcase name="VglPointsMaterialコンポーネントのテスト プロパティのテスト colorのテスト undefined -> 1, 1, 1" time="0.001" classname="Chrome_61_0_3163_(Mac_OS_X_10_12_6).VglPointsMaterialコンポーネントのテスト"/>
  <testcase name="VglPointsMaterialコンポーネントのテスト プロパティのテスト colorのテスト #e2e2e2 -> 0.886, 0.886, 0.886" time="0.001" classname="Chrome_61_0_3163_(Mac_OS_X_10_12_6).VglPointsMaterialコンポーネントのテスト"/>
  <testcase name="VglPointsMaterialコンポーネントのテスト プロパティのテスト sizeのテスト undefined -> 1" time="0" classname="Chrome_61_0_3163_(Mac_OS_X_10_12_6).VglPointsMaterialコンポーネントのテスト"/>
  <testcase name="VglPointsMaterialコンポーネントのテスト プロパティのテスト sizeのテスト 0.8 -> 0.8" time="0.001" classname="Chrome_61_0_3163_(Mac_OS_X_10_12_6).VglPointsMaterialコンポーネントのテスト"/>
  <testcase name="VglPointsMaterialコンポーネントのテスト プロパティのテスト sizeAttenuationのテスト undefined -> true" time="0" classname="Chrome_61_0_3163_(Mac_OS_X_10_12_6).VglPointsMaterialコンポーネントのテスト"/>
  <testcase name="VglPointsMaterialコンポーネントのテスト プロパティのテスト sizeAttenuationのテスト true -> true" time="0" classname="Chrome_61_0_3163_(Mac_OS_X_10_12_6).VglPointsMaterialコンポーネントのテスト"/>
  <testcase name="VglPointsMaterialコンポーネントのテスト プロパティのテスト sizeAttenuationのテスト false -> false" time="0" classname="Chrome_61_0_3163_(Mac_OS_X_10_12_6).VglPointsMaterialコンポーネントのテスト"/>
  <testcase name="VglPointsMaterialコンポーネントのテスト プロパティ変更のテスト colorの変更 undefined -> #000" time="0.001" classname="Chrome_61_0_3163_(Mac_OS_X_10_12_6).VglPointsMaterialコンポーネントのテスト"/>
  <testcase name="VglPointsMaterialコンポーネントのテスト プロパティ変更のテスト colorの変更 #000000 -> #e2e2e2" time="0.001" classname="Chrome_61_0_3163_(Mac_OS_X_10_12_6).VglPointsMaterialコンポーネントのテスト"/>
  <testcase name="VglPointsMaterialコンポーネントのテスト プロパティ変更のテスト sizeの変更 undefined -> 2" time="0.001" classname="Chrome_61_0_3163_(Mac_OS_X_10_12_6).VglPointsMaterialコンポーネントのテスト"/>
  <testcase name="VglPointsMaterialコンポーネントのテスト プロパティ変更のテスト sizeの変更 0.8 -> 0.9" time="0.001" classname="Chrome_61_0_3163_(Mac_OS_X_10_12_6).VglPointsMaterialコンポーネントのテスト"/>
  <testcase name="VglPointsMaterialコンポーネントのテスト プロパティ変更のテスト sizeAttenuationの変更 undefined -> false" time="0.001" classname="Chrome_61_0_3163_(Mac_OS_X_10_12_6).VglPointsMaterialコンポーネントのテスト"/>
  <testcase name="VglPointsMaterialコンポーネントのテスト プロパティ変更のテスト sizeAttenuationの変更 false -> true" time="0" classname="Chrome_61_0_3163_(Mac_OS_X_10_12_6).VglPointsMaterialコンポーネントのテスト"/>
  <testcase name="VglPointsのテスト プロパティの確認 instプロパティはPointsオブジェクト" time="0.004" classname="Chrome_61_0_3163_(Mac_OS_X_10_12_6).VglPointsのテスト"/>
  <testcase name="VglPointsのテスト プロパティのテスト geometryのテスト 同じ階層のgeometry" time="0.006" classname="Chrome_61_0_3163_(Mac_OS_X_10_12_6).VglPointsのテスト"/>
  <testcase name="VglPointsのテスト プロパティのテスト geometryのテスト 上層のgeometry" time="0.004" classname="Chrome_61_0_3163_(Mac_OS_X_10_12_6).VglPointsのテスト"/>
  <testcase name="VglPointsのテスト プロパティのテスト geometryのテスト スコープ外のgeometry" time="0.016" classname="Chrome_61_0_3163_(Mac_OS_X_10_12_6).VglPointsのテスト"/>
  <testcase name="VglPointsのテスト プロパティのテスト materialのテスト 同じ階層のmaterial" time="0.003" classname="Chrome_61_0_3163_(Mac_OS_X_10_12_6).VglPointsのテスト"/>
  <testcase name="VglPointsのテスト プロパティのテスト materialのテスト 上層のmaterial" time="0.002" classname="Chrome_61_0_3163_(Mac_OS_X_10_12_6).VglPointsのテスト"/>
  <testcase name="VglPointsのテスト プロパティのテスト materialのテスト スコープ外のmaterial" time="0.004" classname="Chrome_61_0_3163_(Mac_OS_X_10_12_6).VglPointsのテスト"/>
  <testcase name="VglRendererコンポーネントのテスト レンダリングリソースの注入 camerasプロパティがprovideされている" time="0.005" classname="Chrome_61_0_3163_(Mac_OS_X_10_12_6).VglRendererコンポーネントのテスト"/>
  <testcase name="VglRendererコンポーネントのテスト レンダリングリソースの注入 scenesプロパティがprovideされている" time="0.004" classname="Chrome_61_0_3163_(Mac_OS_X_10_12_6).VglRendererコンポーネントのテスト"/>
  <testcase name="VglSceneコンポーネントのテスト プロパティの確認 instプロパティはSceneオブジェクト" time="0.004" classname="Chrome_61_0_3163_(Mac_OS_X_10_12_6).VglSceneコンポーネントのテスト"/>
  <testcase name="VglSceneコンポーネントのテスト rendererへの登録 マウントすると、rendererのscenesに追加される" time="0.006" classname="Chrome_61_0_3163_(Mac_OS_X_10_12_6).VglSceneコンポーネントのテスト"/>
  <testcase name="VglSceneコンポーネントのテスト rendererへの登録 コンポーネントが破棄されると、rendererのscenesから取り除かれる" time="0.008" classname="Chrome_61_0_3163_(Mac_OS_X_10_12_6).VglSceneコンポーネントのテスト"/>
  <testcase name="VglSceneコンポーネントのテスト rendererへの登録 コンポーネントを置換すると、rendererのscenesも置換される" time="0.005" classname="Chrome_61_0_3163_(Mac_OS_X_10_12_6).VglSceneコンポーネントのテスト"/>
  <testcase name="VglSphereGeometryコンポーネントのテスト プロパティの確認 instプロパティはSphereGeometryオブジェクト" time="0.003" classname="Chrome_61_0_3163_(Mac_OS_X_10_12_6).VglSphereGeometryコンポーネントのテスト"/>
  <testcase name="VglSphereGeometryコンポーネントのテスト プロパティのテスト radiusプロパティ undefined -> undefined (50)" time="0.002" classname="Chrome_61_0_3163_(Mac_OS_X_10_12_6).VglSphereGeometryコンポーネントのテスト"/>
  <testcase name="VglSphereGeometryコンポーネントのテスト プロパティのテスト radiusプロパティ &quot;20&quot; -> 20" time="0.003" classname="Chrome_61_0_3163_(Mac_OS_X_10_12_6).VglSphereGeometryコンポーネントのテスト"/>
  <testcase name="VglSphereGeometryコンポーネントのテスト プロパティ変更のテスト radiusが変更されると、新しいinstがnewされる" time="0.003" classname="Chrome_61_0_3163_(Mac_OS_X_10_12_6).VglSphereGeometryコンポーネントのテスト"/>
  <testcase name="VglSpriteのテスト プロパティの確認 instプロパティはSpriteオブジェクト" time="0.003" classname="Chrome_61_0_3163_(Mac_OS_X_10_12_6).VglSpriteのテスト"/>
  <testcase name="VglSpriteのテスト プロパティのテスト materialのテスト 同じ階層のmaterial" time="0.006" classname="Chrome_61_0_3163_(Mac_OS_X_10_12_6).VglSpriteのテスト"/>
  <testcase name="VglSpriteのテスト プロパティのテスト materialのテスト 上層のmaterial" time="0.005" classname="Chrome_61_0_3163_(Mac_OS_X_10_12_6).VglSpriteのテスト"/>
  <testcase name="VglSpriteのテスト プロパティのテスト materialのテスト スコープ外のmaterial" time="0.003" classname="Chrome_61_0_3163_(Mac_OS_X_10_12_6).VglSpriteのテスト"/>
  <system-out>
    <![CDATA[Chrome 61.0.3163 (Mac OS X 10.12.6) INFO: 'Download the Vue Devtools extension for a better development experience:
https://github.com/vuejs/vue-devtools'
,Chrome 61.0.3163 (Mac OS X 10.12.6) INFO: 'You are running Vue in development mode.
Make sure to turn on production mode when deploying for production.
See more tips at https://vuejs.org/guide/deployment.html'

]]>
  </system-out>
  <system-err/>
</testsuite>